<?xml version="1.0" encoding="UTF-8"?>
<testsuites name="jest tests" tests="8" failures="0" time="4.499">
  <testsuite name="icon组件" errors="0" failures="0" skipped="0" timestamp="2020-05-11T12:14:07" time="1.218" tests="2">
    <testcase classname="icon组件 render successfully" name="icon组件 render successfully" time="0.014">
    </testcase>
    <testcase classname="icon组件 onClick" name="icon组件 onClick" time="0.032">
    </testcase>
  </testsuite>
  <testsuite name="我的第一个测试用例" errors="0" failures="0" skipped="0" timestamp="2020-05-11T12:14:07" time="1.18" tests="1">
    <testcase classname="我的第一个测试用例 add(1,2) 等于3" name="我的第一个测试用例 add(1,2) 等于3" time="0.002">
    </testcase>
  </testsuite>
  <testsuite name="classnames" errors="0" failures="0" skipped="0" timestamp="2020-05-11T12:14:07" time="1.232" tests="4">
    <testcase classname="classnames 接受一个className" name="classnames 接受一个className" time="0.003">
    </testcase>
    <testcase classname="classnames 接受两个className" name="classnames 接受两个className" time="0">
    </testcase>
    <testcase classname="classnames 接受奇奇怪怪的classNames" name="classnames 接受奇奇怪怪的classNames" time="0">
    </testcase>
    <testcase classname="classnames 什么都不传" name="classnames 什么都不传" time="0.001">
    </testcase>
  </testsuite>
  <testsuite name="button" errors="0" failures="0" skipped="0" timestamp="2020-05-11T12:14:07" time="1.334" tests="1">
    <testcase classname="button 是个 div" name="button 是个 div" time="0.008">
    </testcase>
  </testsuite>
</testsuites>